2024-06-25 21:35:17,847 INFO 
=============Test for PPO AFTER=============
2024-06-25 21:35:29,611 INFO one map total 0.0419s, env reset 0.0011s, calc opt action 0.0010s, inference 0.0312s
2024-06-25 21:35:29,611 INFO Stats for test map 0 with index 0
percentage of coverage: 89.9582225598177
capacity: 0.6715081032536757
reward: 0.3903155458227174
optimal reward: 0.3994306730684469
ratio: 0.9771797013591705, num_roi: 52660


2024-06-25 21:35:47,293 INFO one map total 0.0440s, env reset 0.0013s, calc opt action 0.0010s, inference 0.0324s
2024-06-25 21:35:47,293 INFO Stats for test map 10 with index 110
percentage of coverage: 80.91809775429326
capacity: 0.664501189875188
reward: 0.41539784817659225
optimal reward: 0.41769687656373916
ratio: 0.9944959406781773, num_roi: 45420


2024-06-25 21:36:09,179 INFO one map total 0.0470s, env reset 0.0012s, calc opt action 0.0011s, inference 0.0357s
2024-06-25 21:36:09,179 INFO Stats for test map 20 with index 220
percentage of coverage: 84.2971036431527
capacity: 0.66706782706824
reward: 0.39451396941259576
optimal reward: 0.4120654312715477
ratio: 0.9574061289130907, num_roi: 49545


2024-06-25 21:36:30,486 INFO one map total 0.0452s, env reset 0.0016s, calc opt action 0.0015s, inference 0.0329s
2024-06-25 21:36:30,487 INFO Stats for test map 30 with index 330
percentage of coverage: 68.915460958986
capacity: 0.6535429605645996
reward: 0.41658139783474124
optimal reward: 0.4269530524832938
ratio: 0.975707739789591, num_roi: 41815


2024-06-25 21:36:53,424 INFO one map total 0.0416s, env reset 0.0012s, calc opt action 0.0009s, inference 0.0303s
2024-06-25 21:36:53,424 INFO Stats for test map 40 with index 440
percentage of coverage: 81.19919771983533
capacity: 0.6611966097919916
reward: 0.39651380824112503
optimal reward: 0.41466687904908545
ratio: 0.9562225204733278, num_roi: 47365


2024-06-25 21:37:15,791 INFO Stats for test maps
average percentage of coverage: 69.65749711716208
average capacity: 0.654442796721997
average reward: 0.39922236892705765
optimal reward: 0.41885458861209274
ratio: 0.9531287940521602, num_roi: 42479


