2024-06-25 21:50:33,411 INFO 
=============Test for PPO AFTER=============
2024-06-25 21:50:34,491 INFO one map total 0.0428s, env reset 0.0010s, calc opt action 0.0015s, inference 0.0313s
2024-06-25 21:50:34,491 INFO Stats for test map 0 with index 0
percentage of coverage: 87.8731484998101
capacity: 0.6706927357219581
reward: 0.5460340082751004
optimal reward: 0.5522926592855039
ratio: 0.9886678721775874, num_roi: 52660


2024-06-25 21:50:52,447 INFO one map total 0.0425s, env reset 0.0013s, calc opt action 0.0007s, inference 0.0313s
2024-06-25 21:50:52,448 INFO Stats for test map 10 with index 110
percentage of coverage: 75.35446939674152
capacity: 0.6559814055065183
reward: 0.5502255356471081
optimal reward: 0.5623557553107748
ratio: 0.978429633645408, num_roi: 45420


2024-06-25 21:51:14,040 INFO one map total 0.0586s, env reset 0.0014s, calc opt action 0.0007s, inference 0.0476s
2024-06-25 21:51:14,041 INFO Stats for test map 20 with index 220
percentage of coverage: 75.23665354728026
capacity: 0.6588993770098852
reward: 0.54088697331144
optimal reward: 0.5592339201126652
ratio: 0.9671927146380375, num_roi: 49545


2024-06-25 21:51:35,203 INFO one map total 0.0426s, env reset 0.0013s, calc opt action 0.0010s, inference 0.0309s
2024-06-25 21:51:35,203 INFO Stats for test map 30 with index 330
percentage of coverage: 61.19574315437044
capacity: 0.6475283260067783
reward: 0.5552972328174407
optimal reward: 0.5675248961352375
ratio: 0.9784544019107084, num_roi: 41815


2024-06-25 21:51:57,774 INFO one map total 0.0423s, env reset 0.0013s, calc opt action 0.0009s, inference 0.0312s
2024-06-25 21:51:57,774 INFO Stats for test map 40 with index 440
percentage of coverage: 78.49044653224955
capacity: 0.6626779716042296
reward: 0.5520032011018575
optimal reward: 0.5606738931809304
ratio: 0.9845352312912582, num_roi: 47365


2024-06-25 21:52:20,266 INFO Stats for test maps
average percentage of coverage: 68.49910328210741
average capacity: 0.6536577336327787
average reward: 0.5512209876236928
optimal reward: 0.563025824219652
ratio: 0.979033223542951, num_roi: 42479


